


ARM Macro Assembler    Page 1 


    1 00000000         ;/******************************************************
                       ************************
    2 00000000         ; * @file     startup_M480.s
    3 00000000         ; * @version  V1.00
    4 00000000         ; * @brief    CMSIS Cortex-M4 Core Device Startup File f
                       or M480
    5 00000000         ; *
    6 00000000         ; * SPDX-License-Identifier: Apache-2.0
    7 00000000         ; * @copyright (C) 2023 Nuvoton Technology Corp. All rig
                       hts reserved.
    8 00000000         ;*******************************************************
                       **********************/
    9 00000000         ;/*
   10 00000000         ;//-------- <<< Use Configuration Wizard in Context Menu
                        >>> ------------------
   11 00000000         ;*/
   12 00000000         
   13 00000000         
   14 00000000         ; <h> Stack Configuration
   15 00000000         ;   <o> Stack Size (in Bytes) <0x0-0xFFFFFFFF:8>
   16 00000000         ; </h>
   17 00000000         
   18 00000000                 IF               :LNOT: :DEF: Stack_Size
   20                          ENDIF
   21 00000000         
   22 00000000                 AREA             STACK, NOINIT, READWRITE, ALIGN
=3
   23 00000000         Stack_Mem
                               SPACE            Stack_Size
   24 00000800         __initial_sp
   25 00000800         
   26 00000800         
   27 00000800         ; <h> Heap Configuration
   28 00000800         ;   <o>  Heap Size (in Bytes) <0x0-0xFFFFFFFF:8>
   29 00000800         ; </h>
   30 00000800         
   31 00000800                 IF               :LNOT: :DEF: Heap_Size
   33                          ENDIF
   34 00000800         
   35 00000800                 AREA             HEAP, NOINIT, READWRITE, ALIGN=
3
   36 00000000         __heap_base
   37 00000000         Heap_Mem
                               SPACE            Heap_Size
   38 00000100         __heap_limit
   39 00000100         
   40 00000100         
   41 00000100                 PRESERVE8
   42 00000100                 THUMB
   43 00000100         
   44 00000100         
   45 00000100         ; Vector Table Mapped to Address 0 at Reset
   46 00000100         
   47 00000100                 AREA             RESET, DATA, READONLY
   48 00000000                 EXPORT           __Vectors
   49 00000000                 EXPORT           __Vectors_End
   50 00000000                 EXPORT           __Vectors_Size
   51 00000000         
   52 00000000 00000000 



ARM Macro Assembler    Page 2 


                       __Vectors
                               DCD              __initial_sp ; Top of Stack
   53 00000004 00000000        DCD              Reset_Handler ; Reset Handler
   54 00000008 00000000        DCD              NMI_Handler ; NMI Handler
   55 0000000C 00000000        DCD              HardFault_Handler ; Hard Fault 
                                                            Handler
   56 00000010 00000000        DCD              MemManage_Handler 
                                                            ; MPU Fault Handler
                                                            
   57 00000014 00000000        DCD              BusFault_Handler 
                                                            ; Bus Fault Handler
                                                            
   58 00000018 00000000        DCD              UsageFault_Handler ; Usage Faul
                                                            t Handler
   59 0000001C 00000000        DCD              0           ; Reserved
   60 00000020 00000000        DCD              0           ; Reserved
   61 00000024 00000000        DCD              0           ; Reserved
   62 00000028 00000000        DCD              0           ; Reserved
   63 0000002C 00000000        DCD              SVC_Handler ; SVCall Handler
   64 00000030 00000000        DCD              DebugMon_Handler ; Debug Monito
                                                            r Handler
   65 00000034 00000000        DCD              0           ; Reserved
   66 00000038 00000000        DCD              PendSV_Handler ; PendSV Handler
                                                            
   67 0000003C 00000000        DCD              SysTick_Handler 
                                                            ; SysTick Handler
   68 00000040         
   69 00000040         ; External Interrupts
   70 00000040 00000000        DCD              BOD_IRQHandler ; 0: Brown Out d
                                                            etection
   71 00000044 00000000        DCD              IRC_IRQHandler ; 1: Internal RC
                                                            
   72 00000048 00000000        DCD              PWRWU_IRQHandler ; 2: Power dow
                                                            n wake up
   73 0000004C 00000000        DCD              RAMPE_IRQHandler ; 3: RAM parit
                                                            y error
   74 00000050 00000000        DCD              CKFAIL_IRQHandler ; 4: Clock de
                                                            tection fail
   75 00000054 00000000        DCD              Default_Handler ; 5: Reserved
   76 00000058 00000000        DCD              RTC_IRQHandler ; 6: Real Time C
                                                            lock
   77 0000005C 00000000        DCD              TAMPER_IRQHandler ; 7: Tamper d
                                                            etection
   78 00000060 00000000        DCD              WDT_IRQHandler 
                                                            ; 8: Watchdog timer
                                                            
   79 00000064 00000000        DCD              WWDT_IRQHandler ; 9: Window wat
                                                            chdog timer
   80 00000068 00000000        DCD              EINT0_IRQHandler ; 10: External
                                                             Input 0
   81 0000006C 00000000        DCD              EINT1_IRQHandler ; 11: External
                                                             Input 1
   82 00000070 00000000        DCD              EINT2_IRQHandler ; 12: External
                                                             Input 2
   83 00000074 00000000        DCD              EINT3_IRQHandler ; 13: External
                                                             Input 3
   84 00000078 00000000        DCD              EINT4_IRQHandler ; 14: External
                                                             Input 4
   85 0000007C 00000000        DCD              EINT5_IRQHandler ; 15: External



ARM Macro Assembler    Page 3 


                                                             Input 5
   86 00000080 00000000        DCD              GPA_IRQHandler 
                                                            ; 16: GPIO Port A
   87 00000084 00000000        DCD              GPB_IRQHandler 
                                                            ; 17: GPIO Port B
   88 00000088 00000000        DCD              GPC_IRQHandler 
                                                            ; 18: GPIO Port C
   89 0000008C 00000000        DCD              GPD_IRQHandler 
                                                            ; 19: GPIO Port D
   90 00000090 00000000        DCD              GPE_IRQHandler 
                                                            ; 20: GPIO Port E
   91 00000094 00000000        DCD              GPF_IRQHandler 
                                                            ; 21: GPIO Port F
   92 00000098 00000000        DCD              QSPI0_IRQHandler ; 22: QSPI0
   93 0000009C 00000000        DCD              SPI0_IRQHandler ; 23: SPI0
   94 000000A0 00000000        DCD              BRAKE0_IRQHandler ; 24:
   95 000000A4 00000000        DCD              EPWM0P0_IRQHandler ; 25:
   96 000000A8 00000000        DCD              EPWM0P1_IRQHandler ; 26:
   97 000000AC 00000000        DCD              EPWM0P2_IRQHandler ; 27:
   98 000000B0 00000000        DCD              BRAKE1_IRQHandler ; 28:
   99 000000B4 00000000        DCD              EPWM1P0_IRQHandler ; 29:
  100 000000B8 00000000        DCD              EPWM1P1_IRQHandler ; 30:
  101 000000BC 00000000        DCD              EPWM1P2_IRQHandler ; 31:
  102 000000C0 00000000        DCD              TMR0_IRQHandler ; 32: Timer 0
  103 000000C4 00000000        DCD              TMR1_IRQHandler ; 33: Timer 1
  104 000000C8 00000000        DCD              TMR2_IRQHandler ; 34: Timer 2
  105 000000CC 00000000        DCD              TMR3_IRQHandler ; 35: Timer 3
  106 000000D0 00000000        DCD              UART0_IRQHandler ; 36: UART0
  107 000000D4 00000000        DCD              UART1_IRQHandler ; 37: UART1
  108 000000D8 00000000        DCD              I2C0_IRQHandler ; 38: I2C0
  109 000000DC 00000000        DCD              I2C1_IRQHandler ; 39: I2C1
  110 000000E0 00000000        DCD              PDMA_IRQHandler ; 40: Periphera
                                                            l DMA
  111 000000E4 00000000        DCD              DAC_IRQHandler ; 41: DAC
  112 000000E8 00000000        DCD              EADC00_IRQHandler ; 42: EADC0 i
                                                            nterrupt source 0
  113 000000EC 00000000        DCD              EADC01_IRQHandler ; 43: EADC0 i
                                                            nterrupt source 1
  114 000000F0 00000000        DCD              ACMP01_IRQHandler ; 44: ACMP0 a
                                                            nd ACMP1
  115 000000F4 00000000        DCD              Default_Handler ; 45: Reserved
  116 000000F8 00000000        DCD              EADC02_IRQHandler ; 46: EADC0 i
                                                            nterrupt source 2
  117 000000FC 00000000        DCD              EADC03_IRQHandler ; 47: EADC0 i
                                                            nterrupt source 3
  118 00000100 00000000        DCD              UART2_IRQHandler ; 48: UART2
  119 00000104 00000000        DCD              UART3_IRQHandler ; 49: UART3
  120 00000108 00000000        DCD              QSPI1_IRQHandler ; 50: QSPI1
  121 0000010C 00000000        DCD              SPI1_IRQHandler ; 51: SPI1
  122 00000110 00000000        DCD              SPI2_IRQHandler ; 52: SPI2
  123 00000114 00000000        DCD              USBD_IRQHandler 
                                                            ; 53: USB device
  124 00000118 00000000        DCD              OHCI_IRQHandler ; 54: OHCI
  125 0000011C 00000000        DCD              USBOTG_IRQHandler ; 55: USB OTG
                                                            
  126 00000120 00000000        DCD              CAN0_IRQHandler ; 56: CAN0
  127 00000124 00000000        DCD              CAN1_IRQHandler ; 57: CAN1
  128 00000128 00000000        DCD              SC0_IRQHandler ; 58:
  129 0000012C 00000000        DCD              SC1_IRQHandler ; 59:



ARM Macro Assembler    Page 4 


  130 00000130 00000000        DCD              SC2_IRQHandler ; 60:
  131 00000134 00000000        DCD              Default_Handler ; 61:
  132 00000138 00000000        DCD              SPI3_IRQHandler ; 62: SPI3
  133 0000013C 00000000        DCD              Default_Handler ; 63:
  134 00000140 00000000        DCD              SDH0_IRQHandler ; 64: SDH0
  135 00000144 00000000        DCD              USBD20_IRQHandler ; 65: USBD20
  136 00000148 00000000        DCD              EMAC_TX_IRQHandler 
                                                            ; 66: EMAC_TX
  137 0000014C 00000000        DCD              EMAC_RX_IRQHandler 
                                                            ; 67: EMAX_RX
  138 00000150 00000000        DCD              I2S0_IRQHandler ; 68: I2S0
  139 00000154 00000000        DCD              Default_Handler ; 69: ToDo: Add
                                                             description to thi
                                                            s Interrupt
  140 00000158 00000000        DCD              OPA0_IRQHandler ; 70: OPA0
  141 0000015C 00000000        DCD              CRYPTO_IRQHandler ; 71: CRYPTO
  142 00000160 00000000        DCD              GPG_IRQHandler ; 72:
  143 00000164 00000000        DCD              EINT6_IRQHandler ; 73:
  144 00000168 00000000        DCD              UART4_IRQHandler ; 74: UART4
  145 0000016C 00000000        DCD              UART5_IRQHandler ; 75: UART5
  146 00000170 00000000        DCD              USCI0_IRQHandler ; 76: USCI0
  147 00000174 00000000        DCD              USCI1_IRQHandler ; 77: USCI1
  148 00000178 00000000        DCD              BPWM0_IRQHandler ; 78: BPWM0
  149 0000017C 00000000        DCD              BPWM1_IRQHandler ; 79: BPWM1
  150 00000180 00000000        DCD              SPIM_IRQHandler ; 80: SPIM
  151 00000184 00000000        DCD              CCAP_IRQHandler ; 81: CCAP
  152 00000188 00000000        DCD              I2C2_IRQHandler ; 82: I2C2
  153 0000018C 00000000        DCD              Default_Handler ; 83:
  154 00000190 00000000        DCD              QEI0_IRQHandler ; 84: QEI0
  155 00000194 00000000        DCD              QEI1_IRQHandler ; 85: QEI1
  156 00000198 00000000        DCD              ECAP0_IRQHandler ; 86: ECAP0
  157 0000019C 00000000        DCD              ECAP1_IRQHandler ; 87: ECAP1
  158 000001A0 00000000        DCD              GPH_IRQHandler ; 88:
  159 000001A4 00000000        DCD              EINT7_IRQHandler ; 89:
  160 000001A8 00000000        DCD              SDH1_IRQHandler ; 90: SDH1
  161 000001AC 00000000        DCD              Default_Handler ; 91:
  162 000001B0 00000000        DCD              EHCI_IRQHandler ; 92: EHCI
  163 000001B4 00000000        DCD              USBOTG20_IRQHandler ; 93:
  164 000001B8 00000000        DCD              Default_Handler ; 94:
  165 000001BC 00000000        DCD              Default_Handler ; 95:
  166 000001C0 00000000        DCD              Default_Handler ; 96:
  167 000001C4 00000000        DCD              Default_Handler ; 97:
  168 000001C8 00000000        DCD              Default_Handler ; 98:
  169 000001CC 00000000        DCD              Default_Handler ; 99:
  170 000001D0 00000000        DCD              Default_Handler ; 100:
  171 000001D4 00000000        DCD              TRNG_IRQHandler ; 101: TRNG
  172 000001D8 00000000        DCD              UART6_IRQHandler ; 102: UART6
  173 000001DC 00000000        DCD              UART7_IRQHandler ; 103: UART7
  174 000001E0 00000000        DCD              EADC10_IRQHandler ; 104: EADC1 
                                                            interrupt source 0
  175 000001E4 00000000        DCD              EADC11_IRQHandler ; 105: EADC1 
                                                            interrupt source 1
  176 000001E8 00000000        DCD              EADC12_IRQHandler ; 106: EADC1 
                                                            interrupt source 2
  177 000001EC 00000000        DCD              EADC13_IRQHandler ; 107: EADC1 
                                                            interrupt source 3
  178 000001F0 00000000        DCD              CAN2_IRQHandler ; 108: CAN2
  179 000001F4         
  180 000001F4         



ARM Macro Assembler    Page 5 


  181 000001F4         __Vectors_End
  182 000001F4         
  183 000001F4 000001F4 
                       __Vectors_Size
                               EQU              __Vectors_End - __Vectors
  184 000001F4         
  185 000001F4                 AREA             |.text|, CODE, READONLY
  186 00000000         
  187 00000000         
  188 00000000         ; Reset Handler
  189 00000000         
  190 00000000         Reset_Handler
                               PROC
  191 00000000                 EXPORT           Reset_Handler             [WEAK
]
  192 00000000                 IMPORT           SystemInit
  193 00000000                 IMPORT           __main
  194 00000000         
  195 00000000         ; Unlock Register
  196 00000000 4818            LDR              R0, =0x40000100
  197 00000002 F04F 0159       LDR              R1, =0x59
  198 00000006 6001            STR              R1, [R0]
  199 00000008 F04F 0116       LDR              R1, =0x16
  200 0000000C 6001            STR              R1, [R0]
  201 0000000E F04F 0188       LDR              R1, =0x88
  202 00000012 6001            STR              R1, [R0]
  203 00000014         
  204 00000014                 IF               :LNOT: :DEF: ENABLE_SPIM_CACHE
  205 00000014 4814            LDR              R0, =0x40000200 ; R0 = Clock Co
                                                            ntroller Register B
                                                            ase Address
  206 00000016 6841            LDR              R1, [R0,#0x4] ; R1 = 0x40000204
                                                              (AHBCLK)
  207 00000018 F441 4180       ORR              R1, R1, #0x4000
  208 0000001C 6041            STR              R1, [R0,#0x4] ; CLK->AHBCLK |= 
                                                            CLK_AHBCLK_SPIMCKEN
                                                            _Msk;
  209 0000001E         
  210 0000001E 4813            LDR              R0, =0x40007000 ; R0 = SPIM Reg
                                                            ister Base Address
  211 00000020 6841            LDR              R1, [R0,#4] ; R1 = SPIM->CTL1
  212 00000022 F041 0102       ORR              R1, R1,#2   ; R1 |= SPIM_CTL1_C
                                                            ACHEOFF_Msk
  213 00000026 6041            STR              R1, [R0,#4] ; _SPIM_DISABLE_CAC
                                                            HE()
  214 00000028 6841            LDR              R1, [R0,#4] ; R1 = SPIM->CTL1
  215 0000002A F041 0104       ORR              R1, R1, #4  ; R1 |= SPIM_CTL1_C
                                                            CMEN_Msk
  216 0000002E 6041            STR              R1, [R0,#4] ; _SPIM_ENABLE_CCM(
                                                            )
  217 00000030                 ENDIF
  218 00000030         
  219 00000030 480F            LDR              R0, =SystemInit
  220 00000032 4780            BLX              R0
  221 00000034         
  222 00000034         ; Init POR
  223 00000034         ; LDR     R2, =0x40000024
  224 00000034         ; LDR     R1, =0x00005AA5
  225 00000034         ; STR     R1, [R2]



ARM Macro Assembler    Page 6 


  226 00000034         
  227 00000034         ; Lock
  228 00000034 480B            LDR              R0, =0x40000100
  229 00000036 F04F 0100       LDR              R1, =0
  230 0000003A 6001            STR              R1, [R0]
  231 0000003C         
  232 0000003C 480D            LDR              R0, =__main
  233 0000003E 4700            BX               R0
  234 00000040         
  235 00000040                 ENDP
  236 00000040         
  237 00000040         
  238 00000040         ; Dummy Exception Handlers (infinite loops which can be 
                       modified)
  239 00000040         
  240 00000040         NMI_Handler
                               PROC
  241 00000040                 EXPORT           NMI_Handler               [WEAK
]
  242 00000040 E7FE            B                .
  243 00000042                 ENDP
  245 00000042         HardFault_Handler
                               PROC
  246 00000042                 IMPORT           ProcessHardFault
  247 00000042                 EXPORT           HardFault_Handler         [WEAK
]
  248 00000042         ;B       .
  249 00000042 4670            MOV              R0, LR
  250 00000044 F3EF 8108       MRS              R1, MSP
  251 00000048 F3EF 8209       MRS              R2, PSP
  252 0000004C 4B0A            LDR              R3, =ProcessHardFault
  253 0000004E 4798            BLX              R3
  254 00000050 4700            BX               R0
  255 00000052                 ENDP
  257 00000052         MemManage_Handler
                               PROC
  258 00000052                 EXPORT           MemManage_Handler         [WEAK
]
  259 00000052 E7FE            B                .
  260 00000054                 ENDP
  262 00000054         BusFault_Handler
                               PROC
  263 00000054                 EXPORT           BusFault_Handler          [WEAK
]
  264 00000054 E7FE            B                .
  265 00000056                 ENDP
  267 00000056         UsageFault_Handler
                               PROC
  268 00000056                 EXPORT           UsageFault_Handler        [WEAK
]
  269 00000056 E7FE            B                .
  270 00000058                 ENDP
  271 00000058         SVC_Handler
                               PROC
  272 00000058                 EXPORT           SVC_Handler               [WEAK
]
  273 00000058 E7FE            B                .
  274 0000005A                 ENDP
  276 0000005A         DebugMon_Handler



ARM Macro Assembler    Page 7 


                               PROC
  277 0000005A                 EXPORT           DebugMon_Handler          [WEAK
]
  278 0000005A E7FE            B                .
  279 0000005C                 ENDP
  281 0000005C         PendSV_Handler
                               PROC
  282 0000005C                 EXPORT           PendSV_Handler            [WEAK
]
  283 0000005C E7FE            B                .
  284 0000005E                 ENDP
  286 0000005E         SysTick_Handler
                               PROC
  287 0000005E                 EXPORT           SysTick_Handler           [WEAK
]
  288 0000005E E7FE            B                .
  289 00000060                 ENDP
  290 00000060         
  291 00000060         Default_Handler
                               PROC
  292 00000060         
  293 00000060                 EXPORT           BOD_IRQHandler            [WEAK
]
  294 00000060                 EXPORT           IRC_IRQHandler            [WEAK
]
  295 00000060                 EXPORT           PWRWU_IRQHandler          [WEAK
]
  296 00000060                 EXPORT           RAMPE_IRQHandler          [WEAK
]
  297 00000060                 EXPORT           CKFAIL_IRQHandler         [WEAK
]
  298 00000060                 EXPORT           RTC_IRQHandler            [WEAK
]
  299 00000060                 EXPORT           TAMPER_IRQHandler         [WEAK
]
  300 00000060                 EXPORT           WDT_IRQHandler            [WEAK
]
  301 00000060                 EXPORT           WWDT_IRQHandler           [WEAK
]
  302 00000060                 EXPORT           EINT0_IRQHandler          [WEAK
]
  303 00000060                 EXPORT           EINT1_IRQHandler          [WEAK
]
  304 00000060                 EXPORT           EINT2_IRQHandler          [WEAK
]
  305 00000060                 EXPORT           EINT3_IRQHandler          [WEAK
]
  306 00000060                 EXPORT           EINT4_IRQHandler          [WEAK
]
  307 00000060                 EXPORT           EINT5_IRQHandler          [WEAK
]
  308 00000060                 EXPORT           GPA_IRQHandler            [WEAK
]
  309 00000060                 EXPORT           GPB_IRQHandler            [WEAK
]
  310 00000060                 EXPORT           GPC_IRQHandler            [WEAK
]
  311 00000060                 EXPORT           GPD_IRQHandler            [WEAK
]



ARM Macro Assembler    Page 8 


  312 00000060                 EXPORT           GPE_IRQHandler            [WEAK
]
  313 00000060                 EXPORT           GPF_IRQHandler            [WEAK
]
  314 00000060                 EXPORT           QSPI0_IRQHandler          [WEAK
]
  315 00000060                 EXPORT           SPI0_IRQHandler           [WEAK
]
  316 00000060                 EXPORT           BRAKE0_IRQHandler         [WEAK
]
  317 00000060                 EXPORT           EPWM0P0_IRQHandler        [WEAK
]
  318 00000060                 EXPORT           EPWM0P1_IRQHandler        [WEAK
]
  319 00000060                 EXPORT           EPWM0P2_IRQHandler        [WEAK
]
  320 00000060                 EXPORT           BRAKE1_IRQHandler         [WEAK
]
  321 00000060                 EXPORT           EPWM1P0_IRQHandler        [WEAK
]
  322 00000060                 EXPORT           EPWM1P1_IRQHandler        [WEAK
]
  323 00000060                 EXPORT           EPWM1P2_IRQHandler        [WEAK
]
  324 00000060                 EXPORT           TMR0_IRQHandler           [WEAK
]
  325 00000060                 EXPORT           TMR1_IRQHandler           [WEAK
]
  326 00000060                 EXPORT           TMR2_IRQHandler           [WEAK
]
  327 00000060                 EXPORT           TMR3_IRQHandler           [WEAK
]
  328 00000060                 EXPORT           UART0_IRQHandler          [WEAK
]
  329 00000060                 EXPORT           UART1_IRQHandler          [WEAK
]
  330 00000060                 EXPORT           I2C0_IRQHandler           [WEAK
]
  331 00000060                 EXPORT           I2C1_IRQHandler           [WEAK
]
  332 00000060                 EXPORT           PDMA_IRQHandler           [WEAK
]
  333 00000060                 EXPORT           DAC_IRQHandler            [WEAK
]
  334 00000060                 EXPORT           EADC00_IRQHandler         [WEAK
]
  335 00000060                 EXPORT           EADC01_IRQHandler         [WEAK
]
  336 00000060                 EXPORT           ACMP01_IRQHandler         [WEAK
]
  337 00000060                 EXPORT           EADC02_IRQHandler         [WEAK
]
  338 00000060                 EXPORT           EADC03_IRQHandler         [WEAK
]
  339 00000060                 EXPORT           UART2_IRQHandler          [WEAK
]
  340 00000060                 EXPORT           UART3_IRQHandler          [WEAK
]
  341 00000060                 EXPORT           QSPI1_IRQHandler          [WEAK



ARM Macro Assembler    Page 9 


]
  342 00000060                 EXPORT           SPI1_IRQHandler           [WEAK
]
  343 00000060                 EXPORT           SPI2_IRQHandler           [WEAK
]
  344 00000060                 EXPORT           USBD_IRQHandler           [WEAK
]
  345 00000060                 EXPORT           OHCI_IRQHandler           [WEAK
]
  346 00000060                 EXPORT           USBOTG_IRQHandler         [WEAK
]
  347 00000060                 EXPORT           CAN0_IRQHandler           [WEAK
]
  348 00000060                 EXPORT           CAN1_IRQHandler           [WEAK
]
  349 00000060                 EXPORT           SC0_IRQHandler            [WEAK
]
  350 00000060                 EXPORT           SC1_IRQHandler            [WEAK
]
  351 00000060                 EXPORT           SC2_IRQHandler            [WEAK
]
  352 00000060                 EXPORT           SPI3_IRQHandler           [WEAK
]
  353 00000060                 EXPORT           SDH0_IRQHandler           [WEAK
]
  354 00000060                 EXPORT           USBD20_IRQHandler         [WEAK
]
  355 00000060                 EXPORT           EMAC_TX_IRQHandler        [WEAK
]
  356 00000060                 EXPORT           EMAC_RX_IRQHandler        [WEAK
]
  357 00000060                 EXPORT           I2S0_IRQHandler           [WEAK
]
  358 00000060                 EXPORT           OPA0_IRQHandler           [WEAK
]
  359 00000060                 EXPORT           CRYPTO_IRQHandler         [WEAK
]
  360 00000060                 EXPORT           GPG_IRQHandler            [WEAK
]
  361 00000060                 EXPORT           EINT6_IRQHandler          [WEAK
]
  362 00000060                 EXPORT           UART4_IRQHandler          [WEAK
]
  363 00000060                 EXPORT           UART5_IRQHandler          [WEAK
]
  364 00000060                 EXPORT           USCI0_IRQHandler          [WEAK
]
  365 00000060                 EXPORT           USCI1_IRQHandler          [WEAK
]
  366 00000060                 EXPORT           BPWM0_IRQHandler          [WEAK
]
  367 00000060                 EXPORT           BPWM1_IRQHandler          [WEAK
]
  368 00000060                 EXPORT           SPIM_IRQHandler           [WEAK
]
  369 00000060                 EXPORT           CCAP_IRQHandler           [WEAK
]
  370 00000060                 EXPORT           I2C2_IRQHandler           [WEAK
]



ARM Macro Assembler    Page 10 


  371 00000060                 EXPORT           QEI0_IRQHandler           [WEAK
]
  372 00000060                 EXPORT           QEI1_IRQHandler           [WEAK
]
  373 00000060                 EXPORT           ECAP0_IRQHandler          [WEAK
]
  374 00000060                 EXPORT           ECAP1_IRQHandler          [WEAK
]
  375 00000060                 EXPORT           GPH_IRQHandler            [WEAK
]
  376 00000060                 EXPORT           EINT7_IRQHandler          [WEAK
]
  377 00000060                 EXPORT           SDH1_IRQHandler           [WEAK
]
  378 00000060                 EXPORT           EHCI_IRQHandler           [WEAK
]
  379 00000060                 EXPORT           USBOTG20_IRQHandler       [WEAK
]
  380 00000060                 EXPORT           TRNG_IRQHandler           [WEAK
]
  381 00000060                 EXPORT           UART6_IRQHandler          [WEAK
]
  382 00000060                 EXPORT           UART7_IRQHandler          [WEAK
]
  383 00000060                 EXPORT           EADC10_IRQHandler         [WEAK
]
  384 00000060                 EXPORT           EADC11_IRQHandler         [WEAK
]
  385 00000060                 EXPORT           EADC12_IRQHandler         [WEAK
]
  386 00000060                 EXPORT           EADC13_IRQHandler         [WEAK
]
  387 00000060                 EXPORT           CAN2_IRQHandler           [WEAK
]
  388 00000060         
  389 00000060         Default__IRQHandler
  390 00000060         BOD_IRQHandler
  391 00000060         IRC_IRQHandler
  392 00000060         PWRWU_IRQHandler
  393 00000060         RAMPE_IRQHandler
  394 00000060         CKFAIL_IRQHandler
  395 00000060         RTC_IRQHandler
  396 00000060         TAMPER_IRQHandler
  397 00000060         WDT_IRQHandler
  398 00000060         WWDT_IRQHandler
  399 00000060         EINT0_IRQHandler
  400 00000060         EINT1_IRQHandler
  401 00000060         EINT2_IRQHandler
  402 00000060         EINT3_IRQHandler
  403 00000060         EINT4_IRQHandler
  404 00000060         EINT5_IRQHandler
  405 00000060         GPA_IRQHandler
  406 00000060         GPB_IRQHandler
  407 00000060         GPC_IRQHandler
  408 00000060         GPD_IRQHandler
  409 00000060         GPE_IRQHandler
  410 00000060         GPF_IRQHandler
  411 00000060         QSPI0_IRQHandler
  412 00000060         SPI0_IRQHandler



ARM Macro Assembler    Page 11 


  413 00000060         BRAKE0_IRQHandler
  414 00000060         EPWM0P0_IRQHandler
  415 00000060         EPWM0P1_IRQHandler
  416 00000060         EPWM0P2_IRQHandler
  417 00000060         BRAKE1_IRQHandler
  418 00000060         EPWM1P0_IRQHandler
  419 00000060         EPWM1P1_IRQHandler
  420 00000060         EPWM1P2_IRQHandler
  421 00000060         TMR0_IRQHandler
  422 00000060         TMR1_IRQHandler
  423 00000060         TMR2_IRQHandler
  424 00000060         TMR3_IRQHandler
  425 00000060         UART0_IRQHandler
  426 00000060         UART1_IRQHandler
  427 00000060         I2C0_IRQHandler
  428 00000060         I2C1_IRQHandler
  429 00000060         PDMA_IRQHandler
  430 00000060         DAC_IRQHandler
  431 00000060         EADC00_IRQHandler
  432 00000060         EADC01_IRQHandler
  433 00000060         ACMP01_IRQHandler
  434 00000060         EADC02_IRQHandler
  435 00000060         EADC03_IRQHandler
  436 00000060         UART2_IRQHandler
  437 00000060         UART3_IRQHandler
  438 00000060         QSPI1_IRQHandler
  439 00000060         SPI1_IRQHandler
  440 00000060         SPI2_IRQHandler
  441 00000060         USBD_IRQHandler
  442 00000060         OHCI_IRQHandler
  443 00000060         USBOTG_IRQHandler
  444 00000060         CAN0_IRQHandler
  445 00000060         CAN1_IRQHandler
  446 00000060         SC0_IRQHandler
  447 00000060         SC1_IRQHandler
  448 00000060         SC2_IRQHandler
  449 00000060         SPI3_IRQHandler
  450 00000060         SDH0_IRQHandler
  451 00000060         USBD20_IRQHandler
  452 00000060         EMAC_TX_IRQHandler
  453 00000060         EMAC_RX_IRQHandler
  454 00000060         I2S0_IRQHandler
  455 00000060         OPA0_IRQHandler
  456 00000060         CRYPTO_IRQHandler
  457 00000060         GPG_IRQHandler
  458 00000060         EINT6_IRQHandler
  459 00000060         UART4_IRQHandler
  460 00000060         UART5_IRQHandler
  461 00000060         USCI0_IRQHandler
  462 00000060         USCI1_IRQHandler
  463 00000060         BPWM0_IRQHandler
  464 00000060         BPWM1_IRQHandler
  465 00000060         SPIM_IRQHandler
  466 00000060         CCAP_IRQHandler
  467 00000060         I2C2_IRQHandler
  468 00000060         QEI0_IRQHandler
  469 00000060         QEI1_IRQHandler
  470 00000060         ECAP0_IRQHandler
  471 00000060         ECAP1_IRQHandler



ARM Macro Assembler    Page 12 


  472 00000060         GPH_IRQHandler
  473 00000060         EINT7_IRQHandler
  474 00000060         SDH1_IRQHandler
  475 00000060         EHCI_IRQHandler
  476 00000060         USBOTG20_IRQHandler
  477 00000060         TRNG_IRQHandler
  478 00000060         UART6_IRQHandler
  479 00000060         UART7_IRQHandler
  480 00000060         EADC10_IRQHandler
  481 00000060         EADC11_IRQHandler
  482 00000060         EADC12_IRQHandler
  483 00000060         EADC13_IRQHandler
  484 00000060         CAN2_IRQHandler
  485 00000060         
  486 00000060         
  487 00000060         
  488 00000060 E7FE            B                .
  489 00000062                 ENDP
  490 00000062         
  491 00000062         
  492 00000062 00 00           ALIGN
  493 00000064         
  494 00000064         
  495 00000064         ; User Initial Stack & Heap
  496 00000064         
  497 00000064                 IF               :DEF:__MICROLIB
  498 00000064         
  499 00000064                 EXPORT           __initial_sp
  500 00000064                 EXPORT           __heap_base
  501 00000064                 EXPORT           __heap_limit
  502 00000064         
  503 00000064                 ELSE
  518                          ENDIF
  519 00000064         
  520 00000064         
  521 00000064                 END
              40000100 
              40000200 
              40007000 
              00000000 
              00000000 
              00000000 
Command Line: --16 --debug --xref --diag_suppress=9931 --cpu=Cortex-M4.fp.sp --
apcs=interwork --depend=.\obj\startup_m480.d -o.\obj\startup_m480.o -IC:\Keil_v
5\ARM\RV31\INC -IC:\Keil_v5\ARM\CMSIS\Include --predefine="__EVAL SETA 1" --pre
define="__MICROLIB SETA 1" --predefine="__UVISION_VERSION SETA 541" --list=.\ls
t\startup_m480.lst Library\Device\Nuvoton\M480\Source\ARM\startup_M480.s



ARM Macro Assembler    Page 1 Alphabetic symbol ordering
Relocatable symbols

STACK 00000000

Symbol: STACK
   Definitions
      At line 22 in file Library\Device\Nuvoton\M480\Source\ARM\startup_M480.s
   Uses
      None
Comment: STACK unused
Stack_Mem 00000000

Symbol: Stack_Mem
   Definitions
      At line 23 in file Library\Device\Nuvoton\M480\Source\ARM\startup_M480.s
   Uses
      None
Comment: Stack_Mem unused
__initial_sp 00000800

Symbol: __initial_sp
   Definitions
      At line 24 in file Library\Device\Nuvoton\M480\Source\ARM\startup_M480.s
   Uses
      At line 52 in file Library\Device\Nuvoton\M480\Source\ARM\startup_M480.s
      At line 499 in file Library\Device\Nuvoton\M480\Source\ARM\startup_M480.s

3 symbols



ARM Macro Assembler    Page 1 Alphabetic symbol ordering
Relocatable symbols

HEAP 00000000

Symbol: HEAP
   Definitions
      At line 35 in file Library\Device\Nuvoton\M480\Source\ARM\startup_M480.s
   Uses
      None
Comment: HEAP unused
Heap_Mem 00000000

Symbol: Heap_Mem
   Definitions
      At line 37 in file Library\Device\Nuvoton\M480\Source\ARM\startup_M480.s
   Uses
      None
Comment: Heap_Mem unused
__heap_base 00000000

Symbol: __heap_base
   Definitions
      At line 36 in file Library\Device\Nuvoton\M480\Source\ARM\startup_M480.s
   Uses
      At line 500 in file Library\Device\Nuvoton\M480\Source\ARM\startup_M480.s
Comment: __heap_base used once
__heap_limit 00000100

Symbol: __heap_limit
   Definitions
      At line 38 in file Library\Device\Nuvoton\M480\Source\ARM\startup_M480.s
   Uses
      At line 501 in file Library\Device\Nuvoton\M480\Source\ARM\startup_M480.s
Comment: __heap_limit used once
4 symbols



ARM Macro Assembler    Page 1 Alphabetic symbol ordering
Relocatable symbols

RESET 00000000

Symbol: RESET
   Definitions
      At line 47 in file Library\Device\Nuvoton\M480\Source\ARM\startup_M480.s
   Uses
      None
Comment: RESET unused
__Vectors 00000000

Symbol: __Vectors
   Definitions
      At line 52 in file Library\Device\Nuvoton\M480\Source\ARM\startup_M480.s
   Uses
      At line 48 in file Library\Device\Nuvoton\M480\Source\ARM\startup_M480.s
      At line 183 in file Library\Device\Nuvoton\M480\Source\ARM\startup_M480.s

__Vectors_End 000001F4

Symbol: __Vectors_End
   Definitions
      At line 181 in file Library\Device\Nuvoton\M480\Source\ARM\startup_M480.s
   Uses
      At line 49 in file Library\Device\Nuvoton\M480\Source\ARM\startup_M480.s
      At line 183 in file Library\Device\Nuvoton\M480\Source\ARM\startup_M480.s

3 symbols



ARM Macro Assembler    Page 1 Alphabetic symbol ordering
Relocatable symbols

.text 00000000

Symbol: .text
   Definitions
      At line 185 in file Library\Device\Nuvoton\M480\Source\ARM\startup_M480.s
   Uses
      None
Comment: .text unused
ACMP01_IRQHandler 00000060

Symbol: ACMP01_IRQHandler
   Definitions
      At line 433 in file Library\Device\Nuvoton\M480\Source\ARM\startup_M480.s
   Uses
      At line 114 in file Library\Device\Nuvoton\M480\Source\ARM\startup_M480.s
      At line 336 in file Library\Device\Nuvoton\M480\Source\ARM\startup_M480.s

BOD_IRQHandler 00000060

Symbol: BOD_IRQHandler
   Definitions
      At line 390 in file Library\Device\Nuvoton\M480\Source\ARM\startup_M480.s
   Uses
      At line 70 in file Library\Device\Nuvoton\M480\Source\ARM\startup_M480.s
      At line 293 in file Library\Device\Nuvoton\M480\Source\ARM\startup_M480.s

BPWM0_IRQHandler 00000060

Symbol: BPWM0_IRQHandler
   Definitions
      At line 463 in file Library\Device\Nuvoton\M480\Source\ARM\startup_M480.s
   Uses
      At line 148 in file Library\Device\Nuvoton\M480\Source\ARM\startup_M480.s
      At line 366 in file Library\Device\Nuvoton\M480\Source\ARM\startup_M480.s

BPWM1_IRQHandler 00000060

Symbol: BPWM1_IRQHandler
   Definitions
      At line 464 in file Library\Device\Nuvoton\M480\Source\ARM\startup_M480.s
   Uses
      At line 149 in file Library\Device\Nuvoton\M480\Source\ARM\startup_M480.s
      At line 367 in file Library\Device\Nuvoton\M480\Source\ARM\startup_M480.s

BRAKE0_IRQHandler 00000060

Symbol: BRAKE0_IRQHandler
   Definitions
      At line 413 in file Library\Device\Nuvoton\M480\Source\ARM\startup_M480.s
   Uses
      At line 94 in file Library\Device\Nuvoton\M480\Source\ARM\startup_M480.s
      At line 316 in file Library\Device\Nuvoton\M480\Source\ARM\startup_M480.s

BRAKE1_IRQHandler 00000060

Symbol: BRAKE1_IRQHandler
   Definitions
      At line 417 in file Library\Device\Nuvoton\M480\Source\ARM\startup_M480.s
   Uses



ARM Macro Assembler    Page 2 Alphabetic symbol ordering
Relocatable symbols

      At line 98 in file Library\Device\Nuvoton\M480\Source\ARM\startup_M480.s
      At line 320 in file Library\Device\Nuvoton\M480\Source\ARM\startup_M480.s

BusFault_Handler 00000054

Symbol: BusFault_Handler
   Definitions
      At line 262 in file Library\Device\Nuvoton\M480\Source\ARM\startup_M480.s
   Uses
      At line 57 in file Library\Device\Nuvoton\M480\Source\ARM\startup_M480.s
      At line 263 in file Library\Device\Nuvoton\M480\Source\ARM\startup_M480.s

CAN0_IRQHandler 00000060

Symbol: CAN0_IRQHandler
   Definitions
      At line 444 in file Library\Device\Nuvoton\M480\Source\ARM\startup_M480.s
   Uses
      At line 126 in file Library\Device\Nuvoton\M480\Source\ARM\startup_M480.s
      At line 347 in file Library\Device\Nuvoton\M480\Source\ARM\startup_M480.s

CAN1_IRQHandler 00000060

Symbol: CAN1_IRQHandler
   Definitions
      At line 445 in file Library\Device\Nuvoton\M480\Source\ARM\startup_M480.s
   Uses
      At line 127 in file Library\Device\Nuvoton\M480\Source\ARM\startup_M480.s
      At line 348 in file Library\Device\Nuvoton\M480\Source\ARM\startup_M480.s

CAN2_IRQHandler 00000060

Symbol: CAN2_IRQHandler
   Definitions
      At line 484 in file Library\Device\Nuvoton\M480\Source\ARM\startup_M480.s
   Uses
      At line 178 in file Library\Device\Nuvoton\M480\Source\ARM\startup_M480.s
      At line 387 in file Library\Device\Nuvoton\M480\Source\ARM\startup_M480.s

CCAP_IRQHandler 00000060

Symbol: CCAP_IRQHandler
   Definitions
      At line 466 in file Library\Device\Nuvoton\M480\Source\ARM\startup_M480.s
   Uses
      At line 151 in file Library\Device\Nuvoton\M480\Source\ARM\startup_M480.s
      At line 369 in file Library\Device\Nuvoton\M480\Source\ARM\startup_M480.s

CKFAIL_IRQHandler 00000060

Symbol: CKFAIL_IRQHandler
   Definitions
      At line 394 in file Library\Device\Nuvoton\M480\Source\ARM\startup_M480.s
   Uses
      At line 74 in file Library\Device\Nuvoton\M480\Source\ARM\startup_M480.s
      At line 297 in file Library\Device\Nuvoton\M480\Source\ARM\startup_M480.s

CRYPTO_IRQHandler 00000060




ARM Macro Assembler    Page 3 Alphabetic symbol ordering
Relocatable symbols

Symbol: CRYPTO_IRQHandler
   Definitions
      At line 456 in file Library\Device\Nuvoton\M480\Source\ARM\startup_M480.s
   Uses
      At line 141 in file Library\Device\Nuvoton\M480\Source\ARM\startup_M480.s
      At line 359 in file Library\Device\Nuvoton\M480\Source\ARM\startup_M480.s

DAC_IRQHandler 00000060

Symbol: DAC_IRQHandler
   Definitions
      At line 430 in file Library\Device\Nuvoton\M480\Source\ARM\startup_M480.s
   Uses
      At line 111 in file Library\Device\Nuvoton\M480\Source\ARM\startup_M480.s
      At line 333 in file Library\Device\Nuvoton\M480\Source\ARM\startup_M480.s

DebugMon_Handler 0000005A

Symbol: DebugMon_Handler
   Definitions
      At line 276 in file Library\Device\Nuvoton\M480\Source\ARM\startup_M480.s
   Uses
      At line 64 in file Library\Device\Nuvoton\M480\Source\ARM\startup_M480.s
      At line 277 in file Library\Device\Nuvoton\M480\Source\ARM\startup_M480.s

Default_Handler 00000060

Symbol: Default_Handler
   Definitions
      At line 291 in file Library\Device\Nuvoton\M480\Source\ARM\startup_M480.s
   Uses
      At line 75 in file Library\Device\Nuvoton\M480\Source\ARM\startup_M480.s
      At line 115 in file Library\Device\Nuvoton\M480\Source\ARM\startup_M480.s
      At line 131 in file Library\Device\Nuvoton\M480\Source\ARM\startup_M480.s
      At line 133 in file Library\Device\Nuvoton\M480\Source\ARM\startup_M480.s
      At line 139 in file Library\Device\Nuvoton\M480\Source\ARM\startup_M480.s
      At line 153 in file Library\Device\Nuvoton\M480\Source\ARM\startup_M480.s
      At line 161 in file Library\Device\Nuvoton\M480\Source\ARM\startup_M480.s
      At line 164 in file Library\Device\Nuvoton\M480\Source\ARM\startup_M480.s
      At line 165 in file Library\Device\Nuvoton\M480\Source\ARM\startup_M480.s
      At line 166 in file Library\Device\Nuvoton\M480\Source\ARM\startup_M480.s
      At line 167 in file Library\Device\Nuvoton\M480\Source\ARM\startup_M480.s
      At line 168 in file Library\Device\Nuvoton\M480\Source\ARM\startup_M480.s
      At line 169 in file Library\Device\Nuvoton\M480\Source\ARM\startup_M480.s
      At line 170 in file Library\Device\Nuvoton\M480\Source\ARM\startup_M480.s

Default__IRQHandler 00000060

Symbol: Default__IRQHandler
   Definitions
      At line 389 in file Library\Device\Nuvoton\M480\Source\ARM\startup_M480.s
   Uses
      None
Comment: Default__IRQHandler unused
EADC00_IRQHandler 00000060

Symbol: EADC00_IRQHandler
   Definitions
      At line 431 in file Library\Device\Nuvoton\M480\Source\ARM\startup_M480.s



ARM Macro Assembler    Page 4 Alphabetic symbol ordering
Relocatable symbols

   Uses
      At line 112 in file Library\Device\Nuvoton\M480\Source\ARM\startup_M480.s
      At line 334 in file Library\Device\Nuvoton\M480\Source\ARM\startup_M480.s

EADC01_IRQHandler 00000060

Symbol: EADC01_IRQHandler
   Definitions
      At line 432 in file Library\Device\Nuvoton\M480\Source\ARM\startup_M480.s
   Uses
      At line 113 in file Library\Device\Nuvoton\M480\Source\ARM\startup_M480.s
      At line 335 in file Library\Device\Nuvoton\M480\Source\ARM\startup_M480.s

EADC02_IRQHandler 00000060

Symbol: EADC02_IRQHandler
   Definitions
      At line 434 in file Library\Device\Nuvoton\M480\Source\ARM\startup_M480.s
   Uses
      At line 116 in file Library\Device\Nuvoton\M480\Source\ARM\startup_M480.s
      At line 337 in file Library\Device\Nuvoton\M480\Source\ARM\startup_M480.s

EADC03_IRQHandler 00000060

Symbol: EADC03_IRQHandler
   Definitions
      At line 435 in file Library\Device\Nuvoton\M480\Source\ARM\startup_M480.s
   Uses
      At line 117 in file Library\Device\Nuvoton\M480\Source\ARM\startup_M480.s
      At line 338 in file Library\Device\Nuvoton\M480\Source\ARM\startup_M480.s

EADC10_IRQHandler 00000060

Symbol: EADC10_IRQHandler
   Definitions
      At line 480 in file Library\Device\Nuvoton\M480\Source\ARM\startup_M480.s
   Uses
      At line 174 in file Library\Device\Nuvoton\M480\Source\ARM\startup_M480.s
      At line 383 in file Library\Device\Nuvoton\M480\Source\ARM\startup_M480.s

EADC11_IRQHandler 00000060

Symbol: EADC11_IRQHandler
   Definitions
      At line 481 in file Library\Device\Nuvoton\M480\Source\ARM\startup_M480.s
   Uses
      At line 175 in file Library\Device\Nuvoton\M480\Source\ARM\startup_M480.s
      At line 384 in file Library\Device\Nuvoton\M480\Source\ARM\startup_M480.s

EADC12_IRQHandler 00000060

Symbol: EADC12_IRQHandler
   Definitions
      At line 482 in file Library\Device\Nuvoton\M480\Source\ARM\startup_M480.s
   Uses
      At line 176 in file Library\Device\Nuvoton\M480\Source\ARM\startup_M480.s
      At line 385 in file Library\Device\Nuvoton\M480\Source\ARM\startup_M480.s

EADC13_IRQHandler 00000060



ARM Macro Assembler    Page 5 Alphabetic symbol ordering
Relocatable symbols


Symbol: EADC13_IRQHandler
   Definitions
      At line 483 in file Library\Device\Nuvoton\M480\Source\ARM\startup_M480.s
   Uses
      At line 177 in file Library\Device\Nuvoton\M480\Source\ARM\startup_M480.s
      At line 386 in file Library\Device\Nuvoton\M480\Source\ARM\startup_M480.s

ECAP0_IRQHandler 00000060

Symbol: ECAP0_IRQHandler
   Definitions
      At line 470 in file Library\Device\Nuvoton\M480\Source\ARM\startup_M480.s
   Uses
      At line 156 in file Library\Device\Nuvoton\M480\Source\ARM\startup_M480.s
      At line 373 in file Library\Device\Nuvoton\M480\Source\ARM\startup_M480.s

ECAP1_IRQHandler 00000060

Symbol: ECAP1_IRQHandler
   Definitions
      At line 471 in file Library\Device\Nuvoton\M480\Source\ARM\startup_M480.s
   Uses
      At line 157 in file Library\Device\Nuvoton\M480\Source\ARM\startup_M480.s
      At line 374 in file Library\Device\Nuvoton\M480\Source\ARM\startup_M480.s

EHCI_IRQHandler 00000060

Symbol: EHCI_IRQHandler
   Definitions
      At line 475 in file Library\Device\Nuvoton\M480\Source\ARM\startup_M480.s
   Uses
      At line 162 in file Library\Device\Nuvoton\M480\Source\ARM\startup_M480.s
      At line 378 in file Library\Device\Nuvoton\M480\Source\ARM\startup_M480.s

EINT0_IRQHandler 00000060

Symbol: EINT0_IRQHandler
   Definitions
      At line 399 in file Library\Device\Nuvoton\M480\Source\ARM\startup_M480.s
   Uses
      At line 80 in file Library\Device\Nuvoton\M480\Source\ARM\startup_M480.s
      At line 302 in file Library\Device\Nuvoton\M480\Source\ARM\startup_M480.s

EINT1_IRQHandler 00000060

Symbol: EINT1_IRQHandler
   Definitions
      At line 400 in file Library\Device\Nuvoton\M480\Source\ARM\startup_M480.s
   Uses
      At line 81 in file Library\Device\Nuvoton\M480\Source\ARM\startup_M480.s
      At line 303 in file Library\Device\Nuvoton\M480\Source\ARM\startup_M480.s

EINT2_IRQHandler 00000060

Symbol: EINT2_IRQHandler
   Definitions
      At line 401 in file Library\Device\Nuvoton\M480\Source\ARM\startup_M480.s
   Uses



ARM Macro Assembler    Page 6 Alphabetic symbol ordering
Relocatable symbols

      At line 82 in file Library\Device\Nuvoton\M480\Source\ARM\startup_M480.s
      At line 304 in file Library\Device\Nuvoton\M480\Source\ARM\startup_M480.s

EINT3_IRQHandler 00000060

Symbol: EINT3_IRQHandler
   Definitions
      At line 402 in file Library\Device\Nuvoton\M480\Source\ARM\startup_M480.s
   Uses
      At line 83 in file Library\Device\Nuvoton\M480\Source\ARM\startup_M480.s
      At line 305 in file Library\Device\Nuvoton\M480\Source\ARM\startup_M480.s

EINT4_IRQHandler 00000060

Symbol: EINT4_IRQHandler
   Definitions
      At line 403 in file Library\Device\Nuvoton\M480\Source\ARM\startup_M480.s
   Uses
      At line 84 in file Library\Device\Nuvoton\M480\Source\ARM\startup_M480.s
      At line 306 in file Library\Device\Nuvoton\M480\Source\ARM\startup_M480.s

EINT5_IRQHandler 00000060

Symbol: EINT5_IRQHandler
   Definitions
      At line 404 in file Library\Device\Nuvoton\M480\Source\ARM\startup_M480.s
   Uses
      At line 85 in file Library\Device\Nuvoton\M480\Source\ARM\startup_M480.s
      At line 307 in file Library\Device\Nuvoton\M480\Source\ARM\startup_M480.s

EINT6_IRQHandler 00000060

Symbol: EINT6_IRQHandler
   Definitions
      At line 458 in file Library\Device\Nuvoton\M480\Source\ARM\startup_M480.s
   Uses
      At line 143 in file Library\Device\Nuvoton\M480\Source\ARM\startup_M480.s
      At line 361 in file Library\Device\Nuvoton\M480\Source\ARM\startup_M480.s

EINT7_IRQHandler 00000060

Symbol: EINT7_IRQHandler
   Definitions
      At line 473 in file Library\Device\Nuvoton\M480\Source\ARM\startup_M480.s
   Uses
      At line 159 in file Library\Device\Nuvoton\M480\Source\ARM\startup_M480.s
      At line 376 in file Library\Device\Nuvoton\M480\Source\ARM\startup_M480.s

EMAC_RX_IRQHandler 00000060

Symbol: EMAC_RX_IRQHandler
   Definitions
      At line 453 in file Library\Device\Nuvoton\M480\Source\ARM\startup_M480.s
   Uses
      At line 137 in file Library\Device\Nuvoton\M480\Source\ARM\startup_M480.s
      At line 356 in file Library\Device\Nuvoton\M480\Source\ARM\startup_M480.s

EMAC_TX_IRQHandler 00000060




ARM Macro Assembler    Page 7 Alphabetic symbol ordering
Relocatable symbols

Symbol: EMAC_TX_IRQHandler
   Definitions
      At line 452 in file Library\Device\Nuvoton\M480\Source\ARM\startup_M480.s
   Uses
      At line 136 in file Library\Device\Nuvoton\M480\Source\ARM\startup_M480.s
      At line 355 in file Library\Device\Nuvoton\M480\Source\ARM\startup_M480.s

EPWM0P0_IRQHandler 00000060

Symbol: EPWM0P0_IRQHandler
   Definitions
      At line 414 in file Library\Device\Nuvoton\M480\Source\ARM\startup_M480.s
   Uses
      At line 95 in file Library\Device\Nuvoton\M480\Source\ARM\startup_M480.s
      At line 317 in file Library\Device\Nuvoton\M480\Source\ARM\startup_M480.s

EPWM0P1_IRQHandler 00000060

Symbol: EPWM0P1_IRQHandler
   Definitions
      At line 415 in file Library\Device\Nuvoton\M480\Source\ARM\startup_M480.s
   Uses
      At line 96 in file Library\Device\Nuvoton\M480\Source\ARM\startup_M480.s
      At line 318 in file Library\Device\Nuvoton\M480\Source\ARM\startup_M480.s

EPWM0P2_IRQHandler 00000060

Symbol: EPWM0P2_IRQHandler
   Definitions
      At line 416 in file Library\Device\Nuvoton\M480\Source\ARM\startup_M480.s
   Uses
      At line 97 in file Library\Device\Nuvoton\M480\Source\ARM\startup_M480.s
      At line 319 in file Library\Device\Nuvoton\M480\Source\ARM\startup_M480.s

EPWM1P0_IRQHandler 00000060

Symbol: EPWM1P0_IRQHandler
   Definitions
      At line 418 in file Library\Device\Nuvoton\M480\Source\ARM\startup_M480.s
   Uses
      At line 99 in file Library\Device\Nuvoton\M480\Source\ARM\startup_M480.s
      At line 321 in file Library\Device\Nuvoton\M480\Source\ARM\startup_M480.s

EPWM1P1_IRQHandler 00000060

Symbol: EPWM1P1_IRQHandler
   Definitions
      At line 419 in file Library\Device\Nuvoton\M480\Source\ARM\startup_M480.s
   Uses
      At line 100 in file Library\Device\Nuvoton\M480\Source\ARM\startup_M480.s
      At line 322 in file Library\Device\Nuvoton\M480\Source\ARM\startup_M480.s

EPWM1P2_IRQHandler 00000060

Symbol: EPWM1P2_IRQHandler
   Definitions
      At line 420 in file Library\Device\Nuvoton\M480\Source\ARM\startup_M480.s
   Uses
      At line 101 in file Library\Device\Nuvoton\M480\Source\ARM\startup_M480.s



ARM Macro Assembler    Page 8 Alphabetic symbol ordering
Relocatable symbols

      At line 323 in file Library\Device\Nuvoton\M480\Source\ARM\startup_M480.s

GPA_IRQHandler 00000060

Symbol: GPA_IRQHandler
   Definitions
      At line 405 in file Library\Device\Nuvoton\M480\Source\ARM\startup_M480.s
   Uses
      At line 86 in file Library\Device\Nuvoton\M480\Source\ARM\startup_M480.s
      At line 308 in file Library\Device\Nuvoton\M480\Source\ARM\startup_M480.s

GPB_IRQHandler 00000060

Symbol: GPB_IRQHandler
   Definitions
      At line 406 in file Library\Device\Nuvoton\M480\Source\ARM\startup_M480.s
   Uses
      At line 87 in file Library\Device\Nuvoton\M480\Source\ARM\startup_M480.s
      At line 309 in file Library\Device\Nuvoton\M480\Source\ARM\startup_M480.s

GPC_IRQHandler 00000060

Symbol: GPC_IRQHandler
   Definitions
      At line 407 in file Library\Device\Nuvoton\M480\Source\ARM\startup_M480.s
   Uses
      At line 88 in file Library\Device\Nuvoton\M480\Source\ARM\startup_M480.s
      At line 310 in file Library\Device\Nuvoton\M480\Source\ARM\startup_M480.s

GPD_IRQHandler 00000060

Symbol: GPD_IRQHandler
   Definitions
      At line 408 in file Library\Device\Nuvoton\M480\Source\ARM\startup_M480.s
   Uses
      At line 89 in file Library\Device\Nuvoton\M480\Source\ARM\startup_M480.s
      At line 311 in file Library\Device\Nuvoton\M480\Source\ARM\startup_M480.s

GPE_IRQHandler 00000060

Symbol: GPE_IRQHandler
   Definitions
      At line 409 in file Library\Device\Nuvoton\M480\Source\ARM\startup_M480.s
   Uses
      At line 90 in file Library\Device\Nuvoton\M480\Source\ARM\startup_M480.s
      At line 312 in file Library\Device\Nuvoton\M480\Source\ARM\startup_M480.s

GPF_IRQHandler 00000060

Symbol: GPF_IRQHandler
   Definitions
      At line 410 in file Library\Device\Nuvoton\M480\Source\ARM\startup_M480.s
   Uses
      At line 91 in file Library\Device\Nuvoton\M480\Source\ARM\startup_M480.s
      At line 313 in file Library\Device\Nuvoton\M480\Source\ARM\startup_M480.s

GPG_IRQHandler 00000060

Symbol: GPG_IRQHandler



ARM Macro Assembler    Page 9 Alphabetic symbol ordering
Relocatable symbols

   Definitions
      At line 457 in file Library\Device\Nuvoton\M480\Source\ARM\startup_M480.s
   Uses
      At line 142 in file Library\Device\Nuvoton\M480\Source\ARM\startup_M480.s
      At line 360 in file Library\Device\Nuvoton\M480\Source\ARM\startup_M480.s

GPH_IRQHandler 00000060

Symbol: GPH_IRQHandler
   Definitions
      At line 472 in file Library\Device\Nuvoton\M480\Source\ARM\startup_M480.s
   Uses
      At line 158 in file Library\Device\Nuvoton\M480\Source\ARM\startup_M480.s
      At line 375 in file Library\Device\Nuvoton\M480\Source\ARM\startup_M480.s

HardFault_Handler 00000042

Symbol: HardFault_Handler
   Definitions
      At line 245 in file Library\Device\Nuvoton\M480\Source\ARM\startup_M480.s
   Uses
      At line 55 in file Library\Device\Nuvoton\M480\Source\ARM\startup_M480.s
      At line 247 in file Library\Device\Nuvoton\M480\Source\ARM\startup_M480.s

I2C0_IRQHandler 00000060

Symbol: I2C0_IRQHandler
   Definitions
      At line 427 in file Library\Device\Nuvoton\M480\Source\ARM\startup_M480.s
   Uses
      At line 108 in file Library\Device\Nuvoton\M480\Source\ARM\startup_M480.s
      At line 330 in file Library\Device\Nuvoton\M480\Source\ARM\startup_M480.s

I2C1_IRQHandler 00000060

Symbol: I2C1_IRQHandler
   Definitions
      At line 428 in file Library\Device\Nuvoton\M480\Source\ARM\startup_M480.s
   Uses
      At line 109 in file Library\Device\Nuvoton\M480\Source\ARM\startup_M480.s
      At line 331 in file Library\Device\Nuvoton\M480\Source\ARM\startup_M480.s

I2C2_IRQHandler 00000060

Symbol: I2C2_IRQHandler
   Definitions
      At line 467 in file Library\Device\Nuvoton\M480\Source\ARM\startup_M480.s
   Uses
      At line 152 in file Library\Device\Nuvoton\M480\Source\ARM\startup_M480.s
      At line 370 in file Library\Device\Nuvoton\M480\Source\ARM\startup_M480.s

I2S0_IRQHandler 00000060

Symbol: I2S0_IRQHandler
   Definitions
      At line 454 in file Library\Device\Nuvoton\M480\Source\ARM\startup_M480.s
   Uses
      At line 138 in file Library\Device\Nuvoton\M480\Source\ARM\startup_M480.s
      At line 357 in file Library\Device\Nuvoton\M480\Source\ARM\startup_M480.s



ARM Macro Assembler    Page 10 Alphabetic symbol ordering
Relocatable symbols


IRC_IRQHandler 00000060

Symbol: IRC_IRQHandler
   Definitions
      At line 391 in file Library\Device\Nuvoton\M480\Source\ARM\startup_M480.s
   Uses
      At line 71 in file Library\Device\Nuvoton\M480\Source\ARM\startup_M480.s
      At line 294 in file Library\Device\Nuvoton\M480\Source\ARM\startup_M480.s

MemManage_Handler 00000052

Symbol: MemManage_Handler
   Definitions
      At line 257 in file Library\Device\Nuvoton\M480\Source\ARM\startup_M480.s
   Uses
      At line 56 in file Library\Device\Nuvoton\M480\Source\ARM\startup_M480.s
      At line 258 in file Library\Device\Nuvoton\M480\Source\ARM\startup_M480.s

NMI_Handler 00000040

Symbol: NMI_Handler
   Definitions
      At line 240 in file Library\Device\Nuvoton\M480\Source\ARM\startup_M480.s
   Uses
      At line 54 in file Library\Device\Nuvoton\M480\Source\ARM\startup_M480.s
      At line 241 in file Library\Device\Nuvoton\M480\Source\ARM\startup_M480.s

OHCI_IRQHandler 00000060

Symbol: OHCI_IRQHandler
   Definitions
      At line 442 in file Library\Device\Nuvoton\M480\Source\ARM\startup_M480.s
   Uses
      At line 124 in file Library\Device\Nuvoton\M480\Source\ARM\startup_M480.s
      At line 345 in file Library\Device\Nuvoton\M480\Source\ARM\startup_M480.s

OPA0_IRQHandler 00000060

Symbol: OPA0_IRQHandler
   Definitions
      At line 455 in file Library\Device\Nuvoton\M480\Source\ARM\startup_M480.s
   Uses
      At line 140 in file Library\Device\Nuvoton\M480\Source\ARM\startup_M480.s
      At line 358 in file Library\Device\Nuvoton\M480\Source\ARM\startup_M480.s

PDMA_IRQHandler 00000060

Symbol: PDMA_IRQHandler
   Definitions
      At line 429 in file Library\Device\Nuvoton\M480\Source\ARM\startup_M480.s
   Uses
      At line 110 in file Library\Device\Nuvoton\M480\Source\ARM\startup_M480.s
      At line 332 in file Library\Device\Nuvoton\M480\Source\ARM\startup_M480.s

PWRWU_IRQHandler 00000060

Symbol: PWRWU_IRQHandler
   Definitions



ARM Macro Assembler    Page 11 Alphabetic symbol ordering
Relocatable symbols

      At line 392 in file Library\Device\Nuvoton\M480\Source\ARM\startup_M480.s
   Uses
      At line 72 in file Library\Device\Nuvoton\M480\Source\ARM\startup_M480.s
      At line 295 in file Library\Device\Nuvoton\M480\Source\ARM\startup_M480.s

PendSV_Handler 0000005C

Symbol: PendSV_Handler
   Definitions
      At line 281 in file Library\Device\Nuvoton\M480\Source\ARM\startup_M480.s
   Uses
      At line 66 in file Library\Device\Nuvoton\M480\Source\ARM\startup_M480.s
      At line 282 in file Library\Device\Nuvoton\M480\Source\ARM\startup_M480.s

QEI0_IRQHandler 00000060

Symbol: QEI0_IRQHandler
   Definitions
      At line 468 in file Library\Device\Nuvoton\M480\Source\ARM\startup_M480.s
   Uses
      At line 154 in file Library\Device\Nuvoton\M480\Source\ARM\startup_M480.s
      At line 371 in file Library\Device\Nuvoton\M480\Source\ARM\startup_M480.s

QEI1_IRQHandler 00000060

Symbol: QEI1_IRQHandler
   Definitions
      At line 469 in file Library\Device\Nuvoton\M480\Source\ARM\startup_M480.s
   Uses
      At line 155 in file Library\Device\Nuvoton\M480\Source\ARM\startup_M480.s
      At line 372 in file Library\Device\Nuvoton\M480\Source\ARM\startup_M480.s

QSPI0_IRQHandler 00000060

Symbol: QSPI0_IRQHandler
   Definitions
      At line 411 in file Library\Device\Nuvoton\M480\Source\ARM\startup_M480.s
   Uses
      At line 92 in file Library\Device\Nuvoton\M480\Source\ARM\startup_M480.s
      At line 314 in file Library\Device\Nuvoton\M480\Source\ARM\startup_M480.s

QSPI1_IRQHandler 00000060

Symbol: QSPI1_IRQHandler
   Definitions
      At line 438 in file Library\Device\Nuvoton\M480\Source\ARM\startup_M480.s
   Uses
      At line 120 in file Library\Device\Nuvoton\M480\Source\ARM\startup_M480.s
      At line 341 in file Library\Device\Nuvoton\M480\Source\ARM\startup_M480.s

RAMPE_IRQHandler 00000060

Symbol: RAMPE_IRQHandler
   Definitions
      At line 393 in file Library\Device\Nuvoton\M480\Source\ARM\startup_M480.s
   Uses
      At line 73 in file Library\Device\Nuvoton\M480\Source\ARM\startup_M480.s
      At line 296 in file Library\Device\Nuvoton\M480\Source\ARM\startup_M480.s




ARM Macro Assembler    Page 12 Alphabetic symbol ordering
Relocatable symbols

RTC_IRQHandler 00000060

Symbol: RTC_IRQHandler
   Definitions
      At line 395 in file Library\Device\Nuvoton\M480\Source\ARM\startup_M480.s
   Uses
      At line 76 in file Library\Device\Nuvoton\M480\Source\ARM\startup_M480.s
      At line 298 in file Library\Device\Nuvoton\M480\Source\ARM\startup_M480.s

Reset_Handler 00000000

Symbol: Reset_Handler
   Definitions
      At line 190 in file Library\Device\Nuvoton\M480\Source\ARM\startup_M480.s
   Uses
      At line 53 in file Library\Device\Nuvoton\M480\Source\ARM\startup_M480.s
      At line 191 in file Library\Device\Nuvoton\M480\Source\ARM\startup_M480.s

SC0_IRQHandler 00000060

Symbol: SC0_IRQHandler
   Definitions
      At line 446 in file Library\Device\Nuvoton\M480\Source\ARM\startup_M480.s
   Uses
      At line 128 in file Library\Device\Nuvoton\M480\Source\ARM\startup_M480.s
      At line 349 in file Library\Device\Nuvoton\M480\Source\ARM\startup_M480.s

SC1_IRQHandler 00000060

Symbol: SC1_IRQHandler
   Definitions
      At line 447 in file Library\Device\Nuvoton\M480\Source\ARM\startup_M480.s
   Uses
      At line 129 in file Library\Device\Nuvoton\M480\Source\ARM\startup_M480.s
      At line 350 in file Library\Device\Nuvoton\M480\Source\ARM\startup_M480.s

SC2_IRQHandler 00000060

Symbol: SC2_IRQHandler
   Definitions
      At line 448 in file Library\Device\Nuvoton\M480\Source\ARM\startup_M480.s
   Uses
      At line 130 in file Library\Device\Nuvoton\M480\Source\ARM\startup_M480.s
      At line 351 in file Library\Device\Nuvoton\M480\Source\ARM\startup_M480.s

SDH0_IRQHandler 00000060

Symbol: SDH0_IRQHandler
   Definitions
      At line 450 in file Library\Device\Nuvoton\M480\Source\ARM\startup_M480.s
   Uses
      At line 134 in file Library\Device\Nuvoton\M480\Source\ARM\startup_M480.s
      At line 353 in file Library\Device\Nuvoton\M480\Source\ARM\startup_M480.s

SDH1_IRQHandler 00000060

Symbol: SDH1_IRQHandler
   Definitions
      At line 474 in file Library\Device\Nuvoton\M480\Source\ARM\startup_M480.s



ARM Macro Assembler    Page 13 Alphabetic symbol ordering
Relocatable symbols

   Uses
      At line 160 in file Library\Device\Nuvoton\M480\Source\ARM\startup_M480.s
      At line 377 in file Library\Device\Nuvoton\M480\Source\ARM\startup_M480.s

SPI0_IRQHandler 00000060

Symbol: SPI0_IRQHandler
   Definitions
      At line 412 in file Library\Device\Nuvoton\M480\Source\ARM\startup_M480.s
   Uses
      At line 93 in file Library\Device\Nuvoton\M480\Source\ARM\startup_M480.s
      At line 315 in file Library\Device\Nuvoton\M480\Source\ARM\startup_M480.s

SPI1_IRQHandler 00000060

Symbol: SPI1_IRQHandler
   Definitions
      At line 439 in file Library\Device\Nuvoton\M480\Source\ARM\startup_M480.s
   Uses
      At line 121 in file Library\Device\Nuvoton\M480\Source\ARM\startup_M480.s
      At line 342 in file Library\Device\Nuvoton\M480\Source\ARM\startup_M480.s

SPI2_IRQHandler 00000060

Symbol: SPI2_IRQHandler
   Definitions
      At line 440 in file Library\Device\Nuvoton\M480\Source\ARM\startup_M480.s
   Uses
      At line 122 in file Library\Device\Nuvoton\M480\Source\ARM\startup_M480.s
      At line 343 in file Library\Device\Nuvoton\M480\Source\ARM\startup_M480.s

SPI3_IRQHandler 00000060

Symbol: SPI3_IRQHandler
   Definitions
      At line 449 in file Library\Device\Nuvoton\M480\Source\ARM\startup_M480.s
   Uses
      At line 132 in file Library\Device\Nuvoton\M480\Source\ARM\startup_M480.s
      At line 352 in file Library\Device\Nuvoton\M480\Source\ARM\startup_M480.s

SPIM_IRQHandler 00000060

Symbol: SPIM_IRQHandler
   Definitions
      At line 465 in file Library\Device\Nuvoton\M480\Source\ARM\startup_M480.s
   Uses
      At line 150 in file Library\Device\Nuvoton\M480\Source\ARM\startup_M480.s
      At line 368 in file Library\Device\Nuvoton\M480\Source\ARM\startup_M480.s

SVC_Handler 00000058

Symbol: SVC_Handler
   Definitions
      At line 271 in file Library\Device\Nuvoton\M480\Source\ARM\startup_M480.s
   Uses
      At line 63 in file Library\Device\Nuvoton\M480\Source\ARM\startup_M480.s
      At line 272 in file Library\Device\Nuvoton\M480\Source\ARM\startup_M480.s

SysTick_Handler 0000005E



ARM Macro Assembler    Page 14 Alphabetic symbol ordering
Relocatable symbols


Symbol: SysTick_Handler
   Definitions
      At line 286 in file Library\Device\Nuvoton\M480\Source\ARM\startup_M480.s
   Uses
      At line 67 in file Library\Device\Nuvoton\M480\Source\ARM\startup_M480.s
      At line 287 in file Library\Device\Nuvoton\M480\Source\ARM\startup_M480.s

TAMPER_IRQHandler 00000060

Symbol: TAMPER_IRQHandler
   Definitions
      At line 396 in file Library\Device\Nuvoton\M480\Source\ARM\startup_M480.s
   Uses
      At line 77 in file Library\Device\Nuvoton\M480\Source\ARM\startup_M480.s
      At line 299 in file Library\Device\Nuvoton\M480\Source\ARM\startup_M480.s

TMR0_IRQHandler 00000060

Symbol: TMR0_IRQHandler
   Definitions
      At line 421 in file Library\Device\Nuvoton\M480\Source\ARM\startup_M480.s
   Uses
      At line 102 in file Library\Device\Nuvoton\M480\Source\ARM\startup_M480.s
      At line 324 in file Library\Device\Nuvoton\M480\Source\ARM\startup_M480.s

TMR1_IRQHandler 00000060

Symbol: TMR1_IRQHandler
   Definitions
      At line 422 in file Library\Device\Nuvoton\M480\Source\ARM\startup_M480.s
   Uses
      At line 103 in file Library\Device\Nuvoton\M480\Source\ARM\startup_M480.s
      At line 325 in file Library\Device\Nuvoton\M480\Source\ARM\startup_M480.s

TMR2_IRQHandler 00000060

Symbol: TMR2_IRQHandler
   Definitions
      At line 423 in file Library\Device\Nuvoton\M480\Source\ARM\startup_M480.s
   Uses
      At line 104 in file Library\Device\Nuvoton\M480\Source\ARM\startup_M480.s
      At line 326 in file Library\Device\Nuvoton\M480\Source\ARM\startup_M480.s

TMR3_IRQHandler 00000060

Symbol: TMR3_IRQHandler
   Definitions
      At line 424 in file Library\Device\Nuvoton\M480\Source\ARM\startup_M480.s
   Uses
      At line 105 in file Library\Device\Nuvoton\M480\Source\ARM\startup_M480.s
      At line 327 in file Library\Device\Nuvoton\M480\Source\ARM\startup_M480.s

TRNG_IRQHandler 00000060

Symbol: TRNG_IRQHandler
   Definitions
      At line 477 in file Library\Device\Nuvoton\M480\Source\ARM\startup_M480.s
   Uses



ARM Macro Assembler    Page 15 Alphabetic symbol ordering
Relocatable symbols

      At line 171 in file Library\Device\Nuvoton\M480\Source\ARM\startup_M480.s
      At line 380 in file Library\Device\Nuvoton\M480\Source\ARM\startup_M480.s

UART0_IRQHandler 00000060

Symbol: UART0_IRQHandler
   Definitions
      At line 425 in file Library\Device\Nuvoton\M480\Source\ARM\startup_M480.s
   Uses
      At line 106 in file Library\Device\Nuvoton\M480\Source\ARM\startup_M480.s
      At line 328 in file Library\Device\Nuvoton\M480\Source\ARM\startup_M480.s

UART1_IRQHandler 00000060

Symbol: UART1_IRQHandler
   Definitions
      At line 426 in file Library\Device\Nuvoton\M480\Source\ARM\startup_M480.s
   Uses
      At line 107 in file Library\Device\Nuvoton\M480\Source\ARM\startup_M480.s
      At line 329 in file Library\Device\Nuvoton\M480\Source\ARM\startup_M480.s

UART2_IRQHandler 00000060

Symbol: UART2_IRQHandler
   Definitions
      At line 436 in file Library\Device\Nuvoton\M480\Source\ARM\startup_M480.s
   Uses
      At line 118 in file Library\Device\Nuvoton\M480\Source\ARM\startup_M480.s
      At line 339 in file Library\Device\Nuvoton\M480\Source\ARM\startup_M480.s

UART3_IRQHandler 00000060

Symbol: UART3_IRQHandler
   Definitions
      At line 437 in file Library\Device\Nuvoton\M480\Source\ARM\startup_M480.s
   Uses
      At line 119 in file Library\Device\Nuvoton\M480\Source\ARM\startup_M480.s
      At line 340 in file Library\Device\Nuvoton\M480\Source\ARM\startup_M480.s

UART4_IRQHandler 00000060

Symbol: UART4_IRQHandler
   Definitions
      At line 459 in file Library\Device\Nuvoton\M480\Source\ARM\startup_M480.s
   Uses
      At line 144 in file Library\Device\Nuvoton\M480\Source\ARM\startup_M480.s
      At line 362 in file Library\Device\Nuvoton\M480\Source\ARM\startup_M480.s

UART5_IRQHandler 00000060

Symbol: UART5_IRQHandler
   Definitions
      At line 460 in file Library\Device\Nuvoton\M480\Source\ARM\startup_M480.s
   Uses
      At line 145 in file Library\Device\Nuvoton\M480\Source\ARM\startup_M480.s
      At line 363 in file Library\Device\Nuvoton\M480\Source\ARM\startup_M480.s

UART6_IRQHandler 00000060




ARM Macro Assembler    Page 16 Alphabetic symbol ordering
Relocatable symbols

Symbol: UART6_IRQHandler
   Definitions
      At line 478 in file Library\Device\Nuvoton\M480\Source\ARM\startup_M480.s
   Uses
      At line 172 in file Library\Device\Nuvoton\M480\Source\ARM\startup_M480.s
      At line 381 in file Library\Device\Nuvoton\M480\Source\ARM\startup_M480.s

UART7_IRQHandler 00000060

Symbol: UART7_IRQHandler
   Definitions
      At line 479 in file Library\Device\Nuvoton\M480\Source\ARM\startup_M480.s
   Uses
      At line 173 in file Library\Device\Nuvoton\M480\Source\ARM\startup_M480.s
      At line 382 in file Library\Device\Nuvoton\M480\Source\ARM\startup_M480.s

USBD20_IRQHandler 00000060

Symbol: USBD20_IRQHandler
   Definitions
      At line 451 in file Library\Device\Nuvoton\M480\Source\ARM\startup_M480.s
   Uses
      At line 135 in file Library\Device\Nuvoton\M480\Source\ARM\startup_M480.s
      At line 354 in file Library\Device\Nuvoton\M480\Source\ARM\startup_M480.s

USBD_IRQHandler 00000060

Symbol: USBD_IRQHandler
   Definitions
      At line 441 in file Library\Device\Nuvoton\M480\Source\ARM\startup_M480.s
   Uses
      At line 123 in file Library\Device\Nuvoton\M480\Source\ARM\startup_M480.s
      At line 344 in file Library\Device\Nuvoton\M480\Source\ARM\startup_M480.s

USBOTG20_IRQHandler 00000060

Symbol: USBOTG20_IRQHandler
   Definitions
      At line 476 in file Library\Device\Nuvoton\M480\Source\ARM\startup_M480.s
   Uses
      At line 163 in file Library\Device\Nuvoton\M480\Source\ARM\startup_M480.s
      At line 379 in file Library\Device\Nuvoton\M480\Source\ARM\startup_M480.s

USBOTG_IRQHandler 00000060

Symbol: USBOTG_IRQHandler
   Definitions
      At line 443 in file Library\Device\Nuvoton\M480\Source\ARM\startup_M480.s
   Uses
      At line 125 in file Library\Device\Nuvoton\M480\Source\ARM\startup_M480.s
      At line 346 in file Library\Device\Nuvoton\M480\Source\ARM\startup_M480.s

USCI0_IRQHandler 00000060

Symbol: USCI0_IRQHandler
   Definitions
      At line 461 in file Library\Device\Nuvoton\M480\Source\ARM\startup_M480.s
   Uses
      At line 146 in file Library\Device\Nuvoton\M480\Source\ARM\startup_M480.s



ARM Macro Assembler    Page 17 Alphabetic symbol ordering
Relocatable symbols

      At line 364 in file Library\Device\Nuvoton\M480\Source\ARM\startup_M480.s

USCI1_IRQHandler 00000060

Symbol: USCI1_IRQHandler
   Definitions
      At line 462 in file Library\Device\Nuvoton\M480\Source\ARM\startup_M480.s
   Uses
      At line 147 in file Library\Device\Nuvoton\M480\Source\ARM\startup_M480.s
      At line 365 in file Library\Device\Nuvoton\M480\Source\ARM\startup_M480.s

UsageFault_Handler 00000056

Symbol: UsageFault_Handler
   Definitions
      At line 267 in file Library\Device\Nuvoton\M480\Source\ARM\startup_M480.s
   Uses
      At line 58 in file Library\Device\Nuvoton\M480\Source\ARM\startup_M480.s
      At line 268 in file Library\Device\Nuvoton\M480\Source\ARM\startup_M480.s

WDT_IRQHandler 00000060

Symbol: WDT_IRQHandler
   Definitions
      At line 397 in file Library\Device\Nuvoton\M480\Source\ARM\startup_M480.s
   Uses
      At line 78 in file Library\Device\Nuvoton\M480\Source\ARM\startup_M480.s
      At line 300 in file Library\Device\Nuvoton\M480\Source\ARM\startup_M480.s

WWDT_IRQHandler 00000060

Symbol: WWDT_IRQHandler
   Definitions
      At line 398 in file Library\Device\Nuvoton\M480\Source\ARM\startup_M480.s
   Uses
      At line 79 in file Library\Device\Nuvoton\M480\Source\ARM\startup_M480.s
      At line 301 in file Library\Device\Nuvoton\M480\Source\ARM\startup_M480.s

108 symbols



ARM Macro Assembler    Page 1 Alphabetic symbol ordering
Absolute symbols

Heap_Size 00000100

Symbol: Heap_Size
   Definitions
      At line 32 in file Library\Device\Nuvoton\M480\Source\ARM\startup_M480.s
   Uses
      At line 37 in file Library\Device\Nuvoton\M480\Source\ARM\startup_M480.s
Comment: Heap_Size used once
Stack_Size 00000800

Symbol: Stack_Size
   Definitions
      At line 19 in file Library\Device\Nuvoton\M480\Source\ARM\startup_M480.s
   Uses
      At line 23 in file Library\Device\Nuvoton\M480\Source\ARM\startup_M480.s
Comment: Stack_Size used once
__Vectors_Size 000001F4

Symbol: __Vectors_Size
   Definitions
      At line 183 in file Library\Device\Nuvoton\M480\Source\ARM\startup_M480.s
   Uses
      At line 50 in file Library\Device\Nuvoton\M480\Source\ARM\startup_M480.s
Comment: __Vectors_Size used once
3 symbols



ARM Macro Assembler    Page 1 Alphabetic symbol ordering
External symbols

ProcessHardFault 00000000

Symbol: ProcessHardFault
   Definitions
      At line 246 in file Library\Device\Nuvoton\M480\Source\ARM\startup_M480.s
   Uses
      At line 252 in file Library\Device\Nuvoton\M480\Source\ARM\startup_M480.s
Comment: ProcessHardFault used once
SystemInit 00000000

Symbol: SystemInit
   Definitions
      At line 192 in file Library\Device\Nuvoton\M480\Source\ARM\startup_M480.s
   Uses
      At line 219 in file Library\Device\Nuvoton\M480\Source\ARM\startup_M480.s
Comment: SystemInit used once
__main 00000000

Symbol: __main
   Definitions
      At line 193 in file Library\Device\Nuvoton\M480\Source\ARM\startup_M480.s
   Uses
      At line 232 in file Library\Device\Nuvoton\M480\Source\ARM\startup_M480.s
Comment: __main used once
3 symbols
464 symbols in table
